[Message:   BepInEx] BepInEx 5.4.15.0 - valheim (14.05.2021 3:13:56)
[Info   :   BepInEx] Running under Unity v2019.4.24.6137584
[Info   :   BepInEx] CLR runtime version: 4.0.30319.42000
[Info   :   BepInEx] Supports SRE: True
[Info   :   BepInEx] System platform: Bits64, Windows
[Message:   BepInEx] Preloader started
[Info   :   BepInEx] Loaded 1 patcher method from [BepInEx.Preloader 5.4.15.0]
[Info   :   BepInEx] Loaded 1 patcher method from [BepInEx.MonoMod.HookGenPatcher 1.1.0.0]
[Info   :   BepInEx] 2 patcher plugins loaded
[Info   :HookGenPatcher] Previous MMHOOK location found. Using that location to save instead.
[Info   :HookGenPatcher] Already ran for this version, reusing that file.
[Info   :HookGenPatcher] Previous MMHOOK location found. Using that location to save instead.
[Info   :HookGenPatcher] Already ran for this version, reusing that file.
[Info   :HookGenPatcher] Previous MMHOOK location found. Using that location to save instead.
[Info   :HookGenPatcher] Already ran for this version, reusing that file.
[Info   :HookGenPatcher] Previous MMHOOK location found. Using that location to save instead.
[Info   :HookGenPatcher] Already ran for this version, reusing that file.
[Info   :HookGenPatcher] Previous MMHOOK location found. Using that location to save instead.
[Info   :HookGenPatcher] Already ran for this version, reusing that file.
[Info   :HookGenPatcher] Previous MMHOOK location found. Using that location to save instead.
[Info   :HookGenPatcher] Already ran for this version, reusing that file.
[Info   :HookGenPatcher] Previous MMHOOK location found. Using that location to save instead.
[Info   :HookGenPatcher] Already ran for this version, reusing that file.
[Info   :HookGenPatcher] Previous MMHOOK location found. Using that location to save instead.
[Info   :HookGenPatcher] Already ran for this version, reusing that file.
[Info   :HookGenPatcher] Previous MMHOOK location found. Using that location to save instead.
[Info   :HookGenPatcher] Already ran for this version, reusing that file.
[Info   :   BepInEx] Patching [UnityEngine.CoreModule] with [BepInEx.Chainloader]
[Message:   BepInEx] Preloader finished
[Message:   BepInEx] Chainloader ready
[Message:   BepInEx] Chainloader started
[Info   :   BepInEx] 7 plugins to load
[Info   :   BepInEx] Loading [PlantingPlus 1.4.5]
[Info   :   BepInEx] Loading [UnrestrictedPortals 1.3.1.0]
[Info   :   BepInEx] Loading [Jotunn 2.2.3]
[Info   :    Jotunn] Initializing LocalizationManager
[Info   :    Jotunn] Initializing CommandManager
[Info   :    Jotunn] Initializing InputManager
[Info   :    Jotunn] Initializing SkillManager
[Info   :    Jotunn] Initializing PrefabManager
[Info   :    Jotunn] Initializing ItemManager
[Info   :    Jotunn] Initializing PieceManager
[Info   :    Jotunn] Initializing MockManager
[Info   :    Jotunn] Initializing KitbashManager
[Info   :    Jotunn] Initializing GUIManager
[Info   :    Jotunn] Initializing SynchronizationManager
[Info   :    Jotunn] Jötunn v2.2.3 loaded successfully
[Info   :   BepInEx] Loading [Extended Item Data Framework 1.0.2]
[Info   :   BepInEx] Loading [JotunnBackpacks 1.0.0]
[Info   :JotunnBackpacks.BackpackAssets] Embedded resources: JotunnBackpacks.AssetsEmbedded.eviesbackpacks
[Info   :   BepInEx] Loading [MapSyncPlugin 1.0.0.0]
[Info   :   BepInEx] Loading [Display BepInEx Info In-Game 1.1.0]
[Message:   BepInEx] Chainloader startup complete
[Info   : Unity Log] 08/15/2021 14:13:07: Starting to load scene:start

[Warning: Unity Log] Only custom filters can be played. Please add a custom filter or an audioclip to the audiosource (Amb_MainMenu).
[Info   : Unity Log] 08/15/2021 14:13:11: Valheim version:0.156.2

[Info   : Unity Log] 08/15/2021 14:13:11: Render threading mode:MultiThreaded

[Info   : Unity Log] 08/15/2021 14:13:11: Using environment steamid 892970

[Info   : Unity Log] 08/15/2021 14:13:11: Using steam APPID:892970

[Info   : Unity Log] 08/15/2021 14:13:11: Authentication:k_ESteamNetworkingAvailability_Attempting

[Info   : Unity Log] 08/15/2021 14:13:11: Steam initialized, persona:BRILLZ

[Warning: Unity Log] 08/15/2021 14:13:11: Missing audio clip in music respawn

[Info   : Unity Log] 08/15/2021 14:13:11: Checking for installed DLCs

[Info   : Unity Log] 08/15/2021 14:13:11: DLC:beta installed:False

[Info   : Unity Log] 08/15/2021 14:13:12: Loaded localization CSV:localization language:English

[Info   : Unity Log] 08/15/2021 14:13:12: Failed to load language file localization_extra

[Info   : Unity Log] 08/15/2021 14:13:12: Loaded localization CSV:localization language:Russian

[Info   : Unity Log] 08/15/2021 14:13:12: Failed to load language file localization_extra

[Info   :Jotunn.Managers.LocalizationManager] Loading custom localizations
[Info   : Unity Log] 08/15/2021 14:13:12: Loaded localization CSV:localization language:English

[Info   : Unity Log] 08/15/2021 14:13:12: Failed to load language file localization_extra

[Info   :Jotunn.Managers.LocalizationManager] Adding tokens for language 'English'
[Info   : Unity Log] 08/15/2021 14:13:12: Loaded localization CSV:localization language:Russian

[Info   : Unity Log] 08/15/2021 14:13:12: Failed to load language file localization_extra

[Info   :Jotunn.Managers.ItemManager] Adding 2 custom items to the ObjectDB
[Info   : Unity Log] [Planting+ v1.4.5 finished loading]
[Info   : Unity Log] 08/15/2021 14:13:14: UI Group status changed Menu = True

[Info   : Unity Log] 08/15/2021 14:13:21: FOund selected Start game

[Info   : Unity Log] 08/15/2021 14:13:21: show character selection

[Info   : Unity Log] 08/15/2021 14:13:22: OnCharacterStart

[Info   : Unity Log] 08/15/2021 14:13:39: Loading player profile nothingness

[Info   : Unity Log] 08/15/2021 14:13:39: Zonesystem Awake 1600

[Info   : Unity Log] 08/15/2021 14:13:39: DungeonDB Awake 1600

[Info   : Unity Log] 08/15/2021 14:13:39: Steam initialized, persona:BRILLZ

[Info   : Unity Log] 08/15/2021 14:13:39: Registering lobby

[Info   :Jotunn.Managers.PrefabManager] Adding 6 custom prefabs to the ZNetScene
[Info   :Jotunn.Managers.ItemManager] Adding 2 custom items to the ObjectDB
[Info   :Jotunn.Managers.ItemManager] Adding 2 custom recipes to the ObjectDB
[Info   :Jotunn.Managers.ItemManager] Adding 2 custom status effects to the ObjectDB
[Info   :Jotunn.Managers.MockManager] Destroying Mock prefabs
[Info   : Unity Log] 08/15/2021 14:13:42: Audioman already exist, destroying self

[Info   : Unity Log] 08/15/2021 14:13:42: Checking for installed DLCs

[Info   : Unity Log] 08/15/2021 14:13:42: DLC:beta installed:False

[Info   : Unity Log] 08/15/2021 14:13:45: Zonesystem Start 1600

[Info   : Unity Log] 08/15/2021 14:13:45: DungeonDB Start 1600

[Info   : Unity Log] 08/15/2021 14:13:46: Load world IoExeption

[Info   : Unity Log] 08/15/2021 14:13:46: Loading 360861 zdos , my id 1159188159 data version:27

[Info   : Unity Log] 08/15/2021 14:13:47: Loaded 100000 dead zdos

[Info   : Unity Log] 08/15/2021 14:13:47: Removed 0 OLD generated ZDOS

[Info   : Unity Log] 08/15/2021 14:13:47: Loaded 7108 locations

[Info   : Unity Log] 08/15/2021 14:13:47: Starting respawn

[Info   : Unity Log] 08/15/2021 14:13:47: Lobby was created k_EResultOK  109775241020095069  error:False

[Info   : Unity Log] 08/15/2021 14:13:47: Got requested lobby data

[Info   : Unity Log] 08/15/2021 14:13:56: tip:$loadscreen_tip17

[Info   : Unity Log] 08/15/2021 14:13:56: Got requested lobby data

[Info   : Unity Log] 08/15/2021 14:14:00: Loading dungeon

[Info   : Unity Log] 08/15/2021 14:14:00: Dungeon loaded 30

[Info   : Unity Log] 08/15/2021 14:14:00: Dungeon load time 38,9337 ms

[Info   : Unity Log] 08/15/2021 14:14:04: Spawned after 8,019994

[Info   : Unity Log] 08/15/2021 14:14:04: Queue unlock msg:$msg_newrecipe:$item_cape_ironbackpack

[Info   : Unity Log] 08/15/2021 14:14:04: Queue unlock msg:$msg_newrecipe:$item_cape_silverbackpack

[Info   : Unity Log] 08/15/2021 14:14:04: Minimap: Adding unique location (-129.4, 76.2, 196.8)

[Info   : Unity Log] 08/15/2021 14:14:04: Minimap: Adding unique location (1540.1, 31.4, 305.9)

[Info   : Unity Log] 08/15/2021 14:14:06: Resumed music meadows at 0

[Message:JotunnBackpacks.JotunnBackpacks] No backpack equipped. Can't open any.
[Message:JotunnBackpacks.JotunnBackpacks] No backpack equipped. Can't open any.
[Message:JotunnBackpacks.JotunnBackpacks] No backpack equipped. Can't open any.
[Message:JotunnBackpacks.JotunnBackpacks] No backpack equipped. Can't open any.
[Message:JotunnBackpacks.JotunnBackpacks] No backpack equipped. Can't open any.
[Message:JotunnBackpacks.JotunnBackpacks] No backpack equipped. Can't open any.
[Message:JotunnBackpacks.JotunnBackpacks] No backpack equipped. Can't open any.
[Info   : Unity Log] 08/15/2021 14:14:15: Setting selected recipe 0

[Info   : Unity Log] 08/15/2021 14:14:15: UI Group status changed root = True

[Info   : Unity Log] 08/15/2021 14:14:15: UI Group status changed Player = True

[Info   : Unity Log] 08/15/2021 14:14:19: Setting selected recipe 14

[Info   : Unity Log] 08/15/2021 14:14:19: UI Group status changed root = True

[Info   : Unity Log] 08/15/2021 14:14:19: UI Group status changed Player = True

[Info   : Unity Log] 08/15/2021 14:14:23: Setting selected recipe 34

[Info   : Unity Log] 08/15/2021 14:14:24: Setting selected recipe 35

[Info   : Unity Log] 08/15/2021 14:14:34: Setting selected recipe 34

[Info   : Unity Log] 08/15/2021 14:14:36: Setting selected recipe 35

[Info   : Unity Log] 08/15/2021 14:14:37: Setting selected recipe 34

[Info   : Unity Log] 08/15/2021 14:14:43: Setting selected recipe 35

[Info   : Unity Log] 08/15/2021 14:15:47: Setting selected recipe 0

[Info   : Unity Log] 08/15/2021 14:15:47: UI Group status changed root = True

[Info   : Unity Log] 08/15/2021 14:15:47: UI Group status changed Player = True

[Info   : Unity Log] 08/15/2021 14:15:49: Setting selected recipe 0

[Info   : Unity Log] 08/15/2021 14:15:49: UI Group status changed root = True

[Info   : Unity Log] 08/15/2021 14:15:49: UI Group status changed Player = True

[Info   : Unity Log] 08/15/2021 14:15:50: Setting selected recipe 0

[Info   : Unity Log] 08/15/2021 14:15:50: UI Group status changed root = True

[Info   : Unity Log] 08/15/2021 14:15:50: UI Group status changed Player = True

[Info   : Unity Log] 08/15/2021 14:15:51: Setting selected recipe 0

[Info   : Unity Log] 08/15/2021 14:15:52: UI Group status changed root = True

[Info   : Unity Log] 08/15/2021 14:15:52: UI Group status changed Player = True

[Info   : Unity Log] 08/15/2021 14:15:54: Setting selected recipe 34

[Info   : Unity Log] 08/15/2021 14:15:56: Setting selected recipe 35

